<?xml version="1.0" encoding="utf-8" standalone="no"?>
<!--This file represents the results of running a test suite-->
<test-results name="\\Stuartd-laptop\selenium\sanityProject\sanityWindows\bin\Debug\sanityWindows.dll" total="1" errors="1" failures="0" not-run="0" inconclusive="0" ignored="0" skipped="0" invalid="0" date="2013-03-08" time="14:12:26">
  <environment nunit-version="2.6.2.12296" clr-version="2.0.50727.3643" os-version="Microsoft Windows NT 5.1.2600 Service Pack 3" platform="Win32NT" cwd="C:\Program Files\NUnit 2.6.2\bin" machine-name="QA1" user="stuartd" user-domain="STRONG" />
  <culture-info current-culture="en-US" current-uiculture="en-US" />
  <test-suite type="Assembly" name="\\Stuartd-laptop\selenium\sanityProject\sanityWindows\bin\Debug\sanityWindows.dll" executed="False" result="Cancelled">
    <results>
      <test-suite type="Namespace" name="sanitySetup" executed="False" result="Cancelled">
        <results>
          <test-suite type="TestFixture" name="SanityWindowsTest" executed="False" result="Cancelled">
            <results>
              <test-case name="sanitySetup.SanityWindowsTest.SanityWindows" executed="False" result="Cancelled">
                <failure>
                  <message><![CDATA[Test cancelled by user]]></message>
                  <stack-trace><![CDATA[at sanitySetup.SanityWindowsTest.TeardownTest() in C:\Program Files\Selenium\sanityProject\sanityWindows\sanityWindows.cs:line 54
]]></stack-trace>
                </failure>
              </test-case>
            </results>
          </test-suite>
        </results>
      </test-suite>
    </results>
  </test-suite>
</test-results>